Using pre-set license

 COMMAND LINE ARGUMENTS:
/Applications/2020.3.13f1/Unity.app/Contents/MacOS/Unity
-adb2
-batchMode
-noUpm
-name
AssetImportWorker0
-projectPath
/Users/takuya/iwashi
-logFile
Logs/AssetImportWorker0.log
-srvPort
56210
Successfully changed project path to: /Users/takuya/iwashi
/Users/takuya/iwashi
Using Asset Import Pipeline V2.
Refreshing native plugins compatible for Editor in 58.04 ms, found 5 plugins.
Preloading 0 native plugins for Editor in 0.00 ms.
Initialize engine version: 2020.3.13f1 (71691879b7f5)
[Subsystems] Discovering subsystems at path /Applications/2020.3.13f1/Unity.app/Contents/Resources/UnitySubsystems
[Subsystems] Discovering subsystems at path /Users/takuya/iwashi/Assets
GfxDevice: creating device client; threaded=0
2021-08-18 12:22:50.569 Unity[9057:342705] (null) preferred device: Apple M1 (high power)
2021-08-18 12:22:50.569 Unity[9057:342705] Metal devices available: 1
2021-08-18 12:22:50.569 Unity[9057:342705] 0: Apple M1 (high power)
2021-08-18 12:22:50.569 Unity[9057:342705] Using device Apple M1 (high power)
Initializing Metal device caps: Apple M1
Initialize mono
Mono path[0] = '/Applications/2020.3.13f1/Unity.app/Contents/Managed'
Mono path[1] = '/Applications/2020.3.13f1/Unity.app/Contents/MonoBleedingEdge/lib/mono/unityjit'
Mono config path = '/Applications/2020.3.13f1/Unity.app/Contents/MonoBleedingEdge/etc'
Using monoOptions --debugger-agent=transport=dt_socket,embedding=1,server=y,suspend=n,address=127.0.0.1:56057
Begin MonoManager ReloadAssembly
Registering precompiled unity dll's ...
Register platform support module: /Applications/2020.3.13f1/PlaybackEngines/WebGLSupport/UnityEditor.WebGL.Extensions.dll
Register platform support module: /Applications/2020.3.13f1/Unity.app/Contents/PlaybackEngines/MacStandaloneSupport/UnityEditor.OSXStandalone.Extensions.dll
Registered in 0.001723 seconds.
Native extension for OSXStandalone target not found
Native extension for WebGL target not found
Refreshing native plugins compatible for Editor in 46.70 ms, found 5 plugins.
Preloading 0 native plugins for Editor in 0.00 ms.
Mono: successfully reloaded assembly
- Completed reload, in  2.693 seconds
Platform modules already initialized, skipping
Registering precompiled user dll's ...
Registered in 0.004662 seconds.
Begin MonoManager ReloadAssembly
Native extension for OSXStandalone target not found
Native extension for WebGL target not found
Refreshing native plugins compatible for Editor in 0.77 ms, found 5 plugins.
Preloading 0 native plugins for Editor in 0.00 ms.
Mono: successfully reloaded assembly
- Completed reload, in  2.465 seconds
Platform modules already initialized, skipping
========================================================================
Worker process is ready to serve import requests
Launching external process: /Applications/2020.3.13f1/Unity.app/Contents/Tools/UnityShaderCompiler
Launched and connected shader compiler UnityShaderCompiler after 0.03 seconds
Refreshing native plugins compatible for Editor in 0.71 ms, found 5 plugins.
Preloading 0 native plugins for Editor in 0.00 ms.
Unloading 2568 Unused Serialized files (Serialized files now loaded: 0)
System memory in use before: 189.8 MB.
System memory in use after: 190.0 MB.

Unloading 71 unused Assets to reduce memory usage. Loaded Objects now: 2967.
Total: 4.378084 ms (FindLiveObjects: 0.173625 ms CreateObjectMapping: 0.052167 ms MarkObjects: 4.067417 ms  DeleteObjects: 0.082542 ms)

AssetImportParameters requested are different than current active one (requested -> active):
  custom:video-decoder-ogg-theora: a1e56fd34408186e4bbccfd4996cb3dc -> 
  custom:container-muxer-webm: aa71ff27fc2769a1b78a27578f13a17b -> 
  custom:container-demuxer-webm: 4f35f7cbe854078d1ac9338744f61a02 -> 
  custom:container-demuxer-ogg: 62fdf1f143b41e24485cea50d1cbac27 -> 
  custom:video-encoder-webm-vp8: eb34c28f22e8b96e1ab97ce403110664 -> 
  custom:framework-osx-AVFoundation: e770b220cccbd017edd2c1fefb359320 -> 
  custom:video-decoder-webm-vp8: 9c59270c3fd7afecdb556c50c9e8de78 -> 
  custom:audio-decoder-ogg-vorbis: bf7c407c2cedff20999df2af8eb42d56 -> 
  custom:audio-encoder-webm-vorbis: bf7c407c2cedff20999df2af8eb42d56 -> 
========================================================================
Received Import Request.
  path: Assets/Scenes/hunekit.prefab
  artifactKey: Guid(9dc0581d1afe11c4da696400779096ce) Importer(815301076,1909f56bfc062723c751e8b465ee728b)
Start importing Assets/Scenes/hunekit.prefab using Guid(9dc0581d1afe11c4da696400779096ce) Importer(815301076,1909f56bfc062723c751e8b465ee728b)  -> (artifact id: '723f33643eec694abee81783da244703') in 0.798456 seconds 
  Import took 0.802830 seconds .

========================================================================
Received Import Request.
  Time since last request: 0.000203 seconds.
  path: Assets/Scenes/MainScene.unity
  artifactKey: Guid(0c5dc253ad2fb3a4e98fba4645e655a8) Importer(815301076,1909f56bfc062723c751e8b465ee728b)
Start importing Assets/Scenes/MainScene.unity using Guid(0c5dc253ad2fb3a4e98fba4645e655a8) Importer(815301076,1909f56bfc062723c751e8b465ee728b)  -> (artifact id: '9bac1fb350e7eb644e743a76eab88996') in 0.001097 seconds 
  Import took 0.003367 seconds .

AssetImportWorkerClient::OnTransportError - code=2 error=End of file
